# JRE version: OpenJDK Runtime Environment Temurin-21.0.7+6 (21.0.7+6) (build 21.0.7+6-LTS)
# Java VM: OpenJDK 64-Bit Server VM Temurin-21.0.7+6 (21.0.7+6-LTS, mixed mode, sharing, tiered, compressed oops, compressed class ptrs, parallel gc, windows-amd64)
GC Precious Log:
 CardTable entry size: 512
 CPUs: 16 total, 16 available
 Memory: 15571M
 Large Page Support: Disabled
 NUMA Support: Disabled
 Compressed Oops: Enabled (32-bit)
 Alignments: Space 512K, Generation 512K, Heap 2M
 Heap Min Capacity: 100M
 Heap Initial Capacity: 100M
 Heap Max Capacity: 2G
 Pre-touch: Disabled
 Parallel Workers: 13
Heap:
 PSYoungGen      total 22528K, used 4754K [0x00000000d5580000, 0x00000000d7100000, 0x0000000100000000)
  eden space 20992K, 17% used [0x00000000d5580000,0x00000000d58fc2a8,0x00000000d6a00000)
  from space 1536K, 77% used [0x00000000d6f80000,0x00000000d70a8850,0x00000000d7100000)
  to   space 1536K, 0% used [0x00000000d6e00000,0x00000000d6e00000,0x00000000d6f80000)
 ParOldGen       total 68608K, used 44313K [0x0000000080000000, 0x0000000084300000, 0x00000000d5580000)
  object space 68608K, 64% used [0x0000000080000000,0x0000000082b46408,0x0000000084300000)
 Metaspace       used 47620K, committed 48832K, reserved 1114112K
  class space    used 4968K, committed 5504K, reserved 1048576K
GC Heap History (20 events):
Event: 13.033 GC heap before
{Heap before GC invocations=23 (full 2):
 PSYoungGen      total 23040K, used 23008K [0x00000000d5580000, 0x00000000d7100000, 0x0000000100000000)
  eden space 21504K, 100% used [0x00000000d5580000,0x00000000d6a80000,0x00000000d6a80000)
  from space 1536K, 97% used [0x00000000d6d80000,0x00000000d6ef8030,0x00000000d6f00000)
  to   space 3072K, 0% used [0x00000000d6a80000,0x00000000d6a80000,0x00000000d6d80000)
 ParOldGen       total 68608K, used 23286K [0x0000000080000000, 0x0000000084300000, 0x00000000d5580000)
  object space 68608K, 33% used [0x0000000080000000,0x00000000816bd8e0,0x0000000084300000)
 Metaspace       used 41935K, committed 43072K, reserved 1114112K
  class space    used 4308K, committed 4864K, reserved 1048576K
}
Event: 13.035 GC heap after
{Heap after GC invocations=23 (full 2):
 PSYoungGen      total 24064K, used 2161K [0x00000000d5580000, 0x00000000d6f80000, 0x0000000100000000)
  eden space 21504K, 0% used [0x00000000d5580000,0x00000000d5580000,0x00000000d6a80000)
  from space 2560K, 84% used [0x00000000d6a80000,0x00000000d6c9c420,0x00000000d6d00000)
  to   space 2560K, 0% used [0x00000000d6d00000,0x00000000d6d00000,0x00000000d6f80000)
 ParOldGen       total 68608K, used 24766K [0x0000000080000000, 0x0000000084300000, 0x00000000d5580000)
  object space 68608K, 36% used [0x0000000080000000,0x000000008182f910,0x0000000084300000)
 Metaspace       used 41935K, committed 43072K, reserved 1114112K
  class space    used 4308K, committed 4864K, reserved 1048576K
}
Event: 13.080 GC heap before
{Heap before GC invocations=24 (full 2):
 PSYoungGen      total 24064K, used 23665K [0x00000000d5580000, 0x00000000d6f80000, 0x0000000100000000)
  eden space 21504K, 100% used [0x00000000d5580000,0x00000000d6a80000,0x00000000d6a80000)
  from space 2560K, 84% used [0x00000000d6a80000,0x00000000d6c9c420,0x00000000d6d00000)
  to   space 2560K, 0% used [0x00000000d6d00000,0x00000000d6d00000,0x00000000d6f80000)
 ParOldGen       total 68608K, used 24766K [0x0000000080000000, 0x0000000084300000, 0x00000000d5580000)
  object space 68608K, 36% used [0x0000000080000000,0x000000008182f910,0x0000000084300000)
 Metaspace       used 42362K, committed 43584K, reserved 1114112K
  class space    used 4369K, committed 4928K, reserved 1048576K
}
Event: 13.083 GC heap after
{Heap after GC invocations=24 (full 2):
 PSYoungGen      total 24064K, used 2336K [0x00000000d5580000, 0x00000000d6f80000, 0x0000000100000000)
  eden space 21504K, 0% used [0x00000000d5580000,0x00000000d5580000,0x00000000d6a80000)
  from space 2560K, 91% used [0x00000000d6d00000,0x00000000d6f48010,0x00000000d6f80000)
  to   space 2560K, 0% used [0x00000000d6a80000,0x00000000d6a80000,0x00000000d6d00000)
 ParOldGen       total 68608K, used 26730K [0x0000000080000000, 0x0000000084300000, 0x00000000d5580000)
  object space 68608K, 38% used [0x0000000080000000,0x0000000081a1aa00,0x0000000084300000)
 Metaspace       used 42362K, committed 43584K, reserved 1114112K
  class space    used 4369K, committed 4928K, reserved 1048576K
}
Event: 13.149 GC heap before
{Heap before GC invocations=25 (full 2):
 PSYoungGen      total 24064K, used 23840K [0x00000000d5580000, 0x00000000d6f80000, 0x0000000100000000)
  eden space 21504K, 100% used [0x00000000d5580000,0x00000000d6a80000,0x00000000d6a80000)
  from space 2560K, 91% used [0x00000000d6d00000,0x00000000d6f48010,0x00000000d6f80000)
  to   space 2560K, 0% used [0x00000000d6a80000,0x00000000d6a80000,0x00000000d6d00000)
 ParOldGen       total 68608K, used 26730K [0x0000000080000000, 0x0000000084300000, 0x00000000d5580000)
  object space 68608K, 38% used [0x0000000080000000,0x0000000081a1aa00,0x0000000084300000)
 Metaspace       used 42817K, committed 44032K, reserved 1114112K
  class space    used 4426K, committed 4992K, reserved 1048576K
}
Event: 13.152 GC heap after
{Heap after GC invocations=25 (full 2):
 PSYoungGen      total 24064K, used 2532K [0x00000000d5580000, 0x00000000d7480000, 0x0000000100000000)
  eden space 21504K, 0% used [0x00000000d5580000,0x00000000d5580000,0x00000000d6a80000)
  from space 2560K, 98% used [0x00000000d6a80000,0x00000000d6cf9000,0x00000000d6d00000)
  to   space 5120K, 0% used [0x00000000d6f80000,0x00000000d6f80000,0x00000000d7480000)
 ParOldGen       total 68608K, used 28818K [0x0000000080000000, 0x0000000084300000, 0x00000000d5580000)
  object space 68608K, 42% used [0x0000000080000000,0x0000000081c24a10,0x0000000084300000)
 Metaspace       used 42817K, committed 44032K, reserved 1114112K
  class space    used 4426K, committed 4992K, reserved 1048576K
}
Event: 13.207 GC heap before
{Heap before GC invocations=26 (full 2):
 PSYoungGen      total 24064K, used 24036K [0x00000000d5580000, 0x00000000d7480000, 0x0000000100000000)
  eden space 21504K, 100% used [0x00000000d5580000,0x00000000d6a80000,0x00000000d6a80000)
  from space 2560K, 98% used [0x00000000d6a80000,0x00000000d6cf9000,0x00000000d6d00000)
  to   space 5120K, 0% used [0x00000000d6f80000,0x00000000d6f80000,0x00000000d7480000)
 ParOldGen       total 68608K, used 28818K [0x0000000080000000, 0x0000000084300000, 0x00000000d5580000)
  object space 68608K, 42% used [0x0000000080000000,0x0000000081c24a10,0x0000000084300000)
 Metaspace       used 43151K, committed 44352K, reserved 1114112K
  class space    used 4467K, committed 5056K, reserved 1048576K
}
Event: 13.210 GC heap after
{Heap after GC invocations=26 (full 2):
 PSYoungGen      total 24064K, used 2176K [0x00000000d5580000, 0x00000000d7200000, 0x0000000100000000)
  eden space 21504K, 0% used [0x00000000d5580000,0x00000000d5580000,0x00000000d6a80000)
  from space 2560K, 85% used [0x00000000d6f80000,0x00000000d71a0000,0x00000000d7200000)
  to   space 3072K, 0% used [0x00000000d6c00000,0x00000000d6c00000,0x00000000d6f00000)
 ParOldGen       total 68608K, used 31141K [0x0000000080000000, 0x0000000084300000, 0x00000000d5580000)
  object space 68608K, 45% used [0x0000000080000000,0x0000000081e696e8,0x0000000084300000)
 Metaspace       used 43151K, committed 44352K, reserved 1114112K
  class space    used 4467K, committed 5056K, reserved 1048576K
}
Event: 13.286 GC heap before
{Heap before GC invocations=27 (full 2):
 PSYoungGen      total 24064K, used 23680K [0x00000000d5580000, 0x00000000d7200000, 0x0000000100000000)
  eden space 21504K, 100% used [0x00000000d5580000,0x00000000d6a80000,0x00000000d6a80000)
  from space 2560K, 85% used [0x00000000d6f80000,0x00000000d71a0000,0x00000000d7200000)
  to   space 3072K, 0% used [0x00000000d6c00000,0x00000000d6c00000,0x00000000d6f00000)
 ParOldGen       total 68608K, used 31141K [0x0000000080000000, 0x0000000084300000, 0x00000000d5580000)
  object space 68608K, 45% used [0x0000000080000000,0x0000000081e696e8,0x0000000084300000)
 Metaspace       used 43882K, committed 45120K, reserved 1114112K
  class space    used 4542K, committed 5120K, reserved 1048576K
}
Event: 13.289 GC heap after
{Heap after GC invocations=27 (full 2):
 PSYoungGen      total 24064K, used 2208K [0x00000000d5580000, 0x00000000d7000000, 0x0000000100000000)
  eden space 21504K, 0% used [0x00000000d5580000,0x00000000d5580000,0x00000000d6a80000)
  from space 2560K, 86% used [0x00000000d6c00000,0x00000000d6e28010,0x00000000d6e80000)
  to   space 1536K, 0% used [0x00000000d6e80000,0x00000000d6e80000,0x00000000d7000000)
 ParOldGen       total 68608K, used 33145K [0x0000000080000000, 0x0000000084300000, 0x00000000d5580000)
  object space 68608K, 48% used [0x0000000080000000,0x000000008205e6f8,0x0000000084300000)
 Metaspace       used 43882K, committed 45120K, reserved 1114112K
  class space    used 4542K, committed 5120K, reserved 1048576K
}
Event: 13.387 GC heap before
{Heap before GC invocations=28 (full 2):
 PSYoungGen      total 24064K, used 23712K [0x00000000d5580000, 0x00000000d7000000, 0x0000000100000000)
  eden space 21504K, 100% used [0x00000000d5580000,0x00000000d6a80000,0x00000000d6a80000)
  from space 2560K, 86% used [0x00000000d6c00000,0x00000000d6e28010,0x00000000d6e80000)
  to   space 1536K, 0% used [0x00000000d6e80000,0x00000000d6e80000,0x00000000d7000000)
 ParOldGen       total 68608K, used 33145K [0x0000000080000000, 0x0000000084300000, 0x00000000d5580000)
  object space 68608K, 48% used [0x0000000080000000,0x000000008205e6f8,0x0000000084300000)
 Metaspace       used 44350K, committed 45568K, reserved 1114112K
  class space    used 4602K, committed 5184K, reserved 1048576K
}
Event: 13.391 GC heap after
{Heap after GC invocations=28 (full 2):
 PSYoungGen      total 22528K, used 1528K [0x00000000d5580000, 0x00000000d7380000, 0x0000000100000000)
  eden space 20992K, 0% used [0x00000000d5580000,0x00000000d5580000,0x00000000d6a00000)
  from space 1536K, 99% used [0x00000000d6e80000,0x00000000d6ffe200,0x00000000d7000000)
  to   space 4608K, 0% used [0x00000000d6a00000,0x00000000d6a00000,0x00000000d6e80000)
 ParOldGen       total 68608K, used 35593K [0x0000000080000000, 0x0000000084300000, 0x00000000d5580000)
  object space 68608K, 51% used [0x0000000080000000,0x00000000822c2708,0x0000000084300000)
 Metaspace       used 44350K, committed 45568K, reserved 1114112K
  class space    used 4602K, committed 5184K, reserved 1048576K
}
Event: 13.524 GC heap before
{Heap before GC invocations=29 (full 2):
 PSYoungGen      total 22528K, used 22520K [0x00000000d5580000, 0x00000000d7380000, 0x0000000100000000)
  eden space 20992K, 100% used [0x00000000d5580000,0x00000000d6a00000,0x00000000d6a00000)
  from space 1536K, 99% used [0x00000000d6e80000,0x00000000d6ffe200,0x00000000d7000000)
  to   space 4608K, 0% used [0x00000000d6a00000,0x00000000d6a00000,0x00000000d6e80000)
 ParOldGen       total 68608K, used 35593K [0x0000000080000000, 0x0000000084300000, 0x00000000d5580000)
  object space 68608K, 51% used [0x0000000080000000,0x00000000822c2708,0x0000000084300000)
 Metaspace       used 45139K, committed 46336K, reserved 1114112K
  class space    used 4694K, committed 5248K, reserved 1048576K
}
Event: 13.528 GC heap after
{Heap after GC invocations=29 (full 2):
 PSYoungGen      total 25600K, used 4606K [0x00000000d5580000, 0x00000000d7800000, 0x0000000100000000)
  eden space 20992K, 0% used [0x00000000d5580000,0x00000000d5580000,0x00000000d6a00000)
  from space 4608K, 99% used [0x00000000d6a00000,0x00000000d6e7fae0,0x00000000d6e80000)
  to   space 7168K, 0% used [0x00000000d7100000,0x00000000d7100000,0x00000000d7800000)
 ParOldGen       total 68608K, used 37386K [0x0000000080000000, 0x0000000084300000, 0x00000000d5580000)
  object space 68608K, 54% used [0x0000000080000000,0x0000000082482928,0x0000000084300000)
 Metaspace       used 45139K, committed 46336K, reserved 1114112K
  class space    used 4694K, committed 5248K, reserved 1048576K
}
Event: 13.605 GC heap before
{Heap before GC invocations=30 (full 2):
 PSYoungGen      total 25600K, used 25598K [0x00000000d5580000, 0x00000000d7800000, 0x0000000100000000)
  eden space 20992K, 100% used [0x00000000d5580000,0x00000000d6a00000,0x00000000d6a00000)
  from space 4608K, 99% used [0x00000000d6a00000,0x00000000d6e7fae0,0x00000000d6e80000)
  to   space 7168K, 0% used [0x00000000d7100000,0x00000000d7100000,0x00000000d7800000)
 ParOldGen       total 68608K, used 37386K [0x0000000080000000, 0x0000000084300000, 0x00000000d5580000)
  object space 68608K, 54% used [0x0000000080000000,0x0000000082482928,0x0000000084300000)
 Metaspace       used 45627K, committed 46848K, reserved 1114112K
  class space    used 4762K, committed 5312K, reserved 1048576K
}
Event: 13.609 GC heap after
{Heap after GC invocations=30 (full 2):
 PSYoungGen      total 22528K, used 1344K [0x00000000d5580000, 0x00000000d7280000, 0x0000000100000000)
  eden space 20992K, 0% used [0x00000000d5580000,0x00000000d5580000,0x00000000d6a00000)
  from space 1536K, 87% used [0x00000000d7100000,0x00000000d7250000,0x00000000d7280000)
  to   space 3584K, 0% used [0x00000000d6b80000,0x00000000d6b80000,0x00000000d6f00000)
 ParOldGen       total 68608K, used 42049K [0x0000000080000000, 0x0000000084300000, 0x00000000d5580000)
  object space 68608K, 61% used [0x0000000080000000,0x0000000082910408,0x0000000084300000)
 Metaspace       used 45627K, committed 46848K, reserved 1114112K
  class space    used 4762K, committed 5312K, reserved 1048576K
}
Event: 13.734 GC heap before
{Heap before GC invocations=31 (full 2):
 PSYoungGen      total 22528K, used 22336K [0x00000000d5580000, 0x00000000d7280000, 0x0000000100000000)
  eden space 20992K, 100% used [0x00000000d5580000,0x00000000d6a00000,0x00000000d6a00000)
  from space 1536K, 87% used [0x00000000d7100000,0x00000000d7250000,0x00000000d7280000)
  to   space 3584K, 0% used [0x00000000d6b80000,0x00000000d6b80000,0x00000000d6f00000)
 ParOldGen       total 68608K, used 42049K [0x0000000080000000, 0x0000000084300000, 0x00000000d5580000)
  object space 68608K, 61% used [0x0000000080000000,0x0000000082910408,0x0000000084300000)
 Metaspace       used 46109K, committed 47296K, reserved 1114112K
  class space    used 4813K, committed 5376K, reserved 1048576K
}
Event: 13.735 GC heap after
{Heap after GC invocations=31 (full 2):
 PSYoungGen      total 24576K, used 1344K [0x00000000d5580000, 0x00000000d7180000, 0x0000000100000000)
  eden space 20992K, 0% used [0x00000000d5580000,0x00000000d5580000,0x00000000d6a00000)
  from space 3584K, 37% used [0x00000000d6b80000,0x00000000d6cd0000,0x00000000d6f00000)
  to   space 2048K, 0% used [0x00000000d6f80000,0x00000000d6f80000,0x00000000d7180000)
 ParOldGen       total 68608K, used 43169K [0x0000000080000000, 0x0000000084300000, 0x00000000d5580000)
  object space 68608K, 62% used [0x0000000080000000,0x0000000082a28408,0x0000000084300000)
 Metaspace       used 46109K, committed 47296K, reserved 1114112K
  class space    used 4813K, committed 5376K, reserved 1048576K
}
Event: 13.949 GC heap before
{Heap before GC invocations=32 (full 2):
 PSYoungGen      total 24576K, used 22336K [0x00000000d5580000, 0x00000000d7180000, 0x0000000100000000)
  eden space 20992K, 100% used [0x00000000d5580000,0x00000000d6a00000,0x00000000d6a00000)
  from space 3584K, 37% used [0x00000000d6b80000,0x00000000d6cd0000,0x00000000d6f00000)
  to   space 2048K, 0% used [0x00000000d6f80000,0x00000000d6f80000,0x00000000d7180000)
 ParOldGen       total 68608K, used 43169K [0x0000000080000000, 0x0000000084300000, 0x00000000d5580000)
  object space 68608K, 62% used [0x0000000080000000,0x0000000082a28408,0x0000000084300000)
 Metaspace       used 47590K, committed 48832K, reserved 1114112K
  class space    used 4968K, committed 5504K, reserved 1048576K
}
Event: 13.952 GC heap after
{Heap after GC invocations=32 (full 2):
 PSYoungGen      total 22528K, used 1186K [0x00000000d5580000, 0x00000000d7100000, 0x0000000100000000)
  eden space 20992K, 0% used [0x00000000d5580000,0x00000000d5580000,0x00000000d6a00000)
  from space 1536K, 77% used [0x00000000d6f80000,0x00000000d70a8850,0x00000000d7100000)
  to   space 1536K, 0% used [0x00000000d6e00000,0x00000000d6e00000,0x00000000d6f80000)
 ParOldGen       total 68608K, used 44313K [0x0000000080000000, 0x0000000084300000, 0x00000000d5580000)
  object space 68608K, 64% used [0x0000000080000000,0x0000000082b46408,0x0000000084300000)
 Metaspace       used 47590K, committed 48832K, reserved 1114112K
  class space    used 4968K, committed 5504K, reserved 1048576K
}

